<?xml version="1.0" encoding="UTF-8"?>
<!-- Generated by org.testng.reporters.JUnitReportReporter -->
<testsuite skipped="0" hostname="DESKTOP-BD60B20" name="org.sample.Grouping2" tests="3" failures="0" timestamp="01 Feb 2022 07:41:39 GMT" time="0.013" errors="0">
  <testcase name="tc7" time="0.007" classname="org.sample.Grouping2"/>
  <testcase name="tc10" time="0.004" classname="org.sample.Grouping2"/>
  <testcase name="tc9" time="0.002" classname="org.sample.Grouping2"/>
</testsuite> <!-- org.sample.Grouping2 -->
