<?xml version="1.0" encoding="UTF-8"?>
<!-- Generated by org.testng.reporters.JUnitReportReporter -->
<testsuite skipped="0" hostname="DESKTOP-BD60B20" name="org.sample.CrossBrow" tests="2" failures="0" timestamp="01 Feb 2022 08:09:52 GMT" time="21.214" errors="0">
  <testcase name="m1" time="8.277" classname="org.sample.CrossBrow"/>
  <testcase name="m1" time="12.937" classname="org.sample.CrossBrow"/>
</testsuite> <!-- org.sample.CrossBrow -->
