<?xml version="1.0" encoding="UTF-8"?>
<!-- Generated by org.testng.reporters.JUnitReportReporter -->
<testsuite skipped="0" hostname="DESKTOP-BD60B20" name="org.sample.ParallelExe2" tests="4" failures="0" timestamp="01 Feb 2022 07:55:16 GMT" time="0.038" errors="0">
  <testcase name="tc5" time="0.019" classname="org.sample.ParallelExe2"/>
  <testcase name="tc8" time="0.003" classname="org.sample.ParallelExe2"/>
  <testcase name="tc7" time="0.001" classname="org.sample.ParallelExe2"/>
  <testcase name="tc6" time="0.015" classname="org.sample.ParallelExe2"/>
</testsuite> <!-- org.sample.ParallelExe2 -->
