<?xml version="1.0" encoding="UTF-8"?>
<!-- Generated by org.testng.reporters.JUnitReportReporter -->
<testsuite skipped="0" hostname="DESKTOP-BD60B20" name="org.sample.Grouping" tests="2" failures="0" timestamp="01 Feb 2022 07:41:39 GMT" time="0.003" errors="0">
  <testcase name="tc1" time="0.001" classname="org.sample.Grouping"/>
  <testcase name="tc2" time="0.002" classname="org.sample.Grouping"/>
</testsuite> <!-- org.sample.Grouping -->
