<?xml version="1.0" encoding="UTF-8"?>
<!-- Generated by org.testng.reporters.JUnitReportReporter -->
<testsuite skipped="0" hostname="DESKTOP-BD60B20" name="org.sample.Grouping1" tests="2" failures="0" timestamp="01 Feb 2022 07:41:39 GMT" time="0.025" errors="0">
  <testcase name="tc5" time="0.024" classname="org.sample.Grouping1"/>
  <testcase name="tc6" time="0.001" classname="org.sample.Grouping1"/>
</testsuite> <!-- org.sample.Grouping1 -->
