<?xml version="1.0" encoding="UTF-8"?>
<!-- Generated by org.testng.reporters.JUnitReportReporter -->
<testsuite skipped="0" hostname="DESKTOP-BD60B20" name="org.sample.Tasks1" tests="13" failures="0" timestamp="01 Feb 2022 06:48:09 GMT" time="0.042" errors="0">
  <testcase name="tc1" time="0.018" classname="org.sample.Tasks1"/>
  <testcase name="tc3" time="0.003" classname="org.sample.Tasks1"/>
  <testcase name="tc4" time="0.002" classname="org.sample.Tasks1"/>
  <testcase name="tc2" time="0.000" classname="org.sample.Tasks1"/>
  <testcase name="tc2" time="0.001" classname="org.sample.Tasks1"/>
  <testcase name="tc2" time="0.002" classname="org.sample.Tasks1"/>
  <testcase name="tc2" time="0.003" classname="org.sample.Tasks1"/>
  <testcase name="tc2" time="0.002" classname="org.sample.Tasks1"/>
  <testcase name="tc2" time="0.002" classname="org.sample.Tasks1"/>
  <testcase name="tc2" time="0.006" classname="org.sample.Tasks1"/>
  <testcase name="tc2" time="0.001" classname="org.sample.Tasks1"/>
  <testcase name="tc2" time="0.001" classname="org.sample.Tasks1"/>
  <testcase name="tc2" time="0.001" classname="org.sample.Tasks1"/>
</testsuite> <!-- org.sample.Tasks1 -->
