<?xml version="1.0" encoding="UTF-8"?>
<!-- Generated by org.testng.reporters.JUnitReportReporter -->
<testsuite skipped="0" hostname="DESKTOP-BD60B20" name="org.sample.ParallelExe" tests="4" failures="0" timestamp="01 Feb 2022 07:55:16 GMT" time="0.075" errors="0">
  <testcase name="tc4" time="0.019" classname="org.sample.ParallelExe"/>
  <testcase name="tc3" time="0.019" classname="org.sample.ParallelExe"/>
  <testcase name="tc2" time="0.018" classname="org.sample.ParallelExe"/>
  <testcase name="tc1" time="0.019" classname="org.sample.ParallelExe"/>
</testsuite> <!-- org.sample.ParallelExe -->
