<?xml version="1.0" encoding="UTF-8"?>
<!-- Generated by org.testng.reporters.JUnitReportReporter -->
<testsuite skipped="0" hostname="DESKTOP-BD60B20" name="org.sample.DataPro" tests="3" failures="0" timestamp="01 Feb 2022 07:29:37 GMT" time="18.193" errors="0">
  <testcase name="tc3" time="6.057" classname="org.sample.DataPro"/>
  <testcase name="tc3" time="6.057" classname="org.sample.DataPro"/>
  <testcase name="tc3" time="6.079" classname="org.sample.DataPro"/>
</testsuite> <!-- org.sample.DataPro -->
